Message: ecu_GW_0x366, Signal: AC_EnvironmentalTemp is not contained in DBC.
Message: vehicle_None, Signal: None is not contained in DBC.
Message: ecu_GW_0x366, Signal: AC_EnvironmentalTempVD is not contained in DBC.
Message: vehicle_None, Signal: None is not contained in DBC.
Message: ecu_GW_0x387, Signal: BCM_FrontWiperStatus is not contained in DBC.
Message: vehicle_BCM8_0x29F, Signal: WiprReq_F_PBOX is not contained in DBC.
Message: ecu_GW_0x187, Signal: ESP_ABSFailStatus is not contained in DBC.
Message: vehicle_ESP_FD2_0x137, Signal: ABSFailSts is not contained in DBC.
Message: ecu_GW_0x187, Signal: ESP_ESPActiveStatus is not contained in DBC.
Message: vehicle_None, Signal: None is not contained in DBC.
Message: ecu_GW_0x187, Signal: ESP_ESPFunctionStatus is not contained in DBC.
Message: vehicle_ESP_FD2_0x137, Signal: ESPFuncOffSts is not contained in DBC.
Message: ecu_GW_0x278, Signal: ESP_LatAccel is not contained in DBC.
Message: vehicle_ABM2_0x245, Signal: VehLatAccel is not contained in DBC.
Message: ecu_GW_0x278, Signal: ESP_LongAccel is not contained in DBC.
Message: vehicle_ABM2_0x245, Signal: VehLgtAccel is not contained in DBC.
Message: ecu_GW_0x20B, Signal: ESP_OnlyABSActive is not contained in DBC.
Message: vehicle_ESP_FD2_0x137, Signal: ABSActv is not contained in DBC.
Message: ecu_GW_0x20B, Signal: ESP_TCSActive is not contained in DBC.
Message: vehicle_None, Signal: None is not contained in DBC.
Message: ecu_GW_0x187, Signal: ESP_TCSFailStatus is not contained in DBC.
Message: vehicle_None, Signal: None is not contained in DBC.
Message: ecu_GW_0x20B, Signal: ESP_VDCActive is not contained in DBC.
Message: vehicle_None, Signal: None is not contained in DBC.
Message: ecu_GW_0x20B, Signal: ESP_VehicleStandstill is not contained in DBC.
Message: vehicle_ESP_FD2_0x137, Signal: VehStandstill is not contained in DBC.
Message: ecu_GW_0x278, Signal: ESP_YawRate is not contained in DBC.
Message: vehicle_ABM2_0x245, Signal: VehYawRate is not contained in DBC.
Message: ecu_GW_0x278, Signal: ESP_YawRateValid is not contained in DBC.
Message: vehicle_None, Signal: None is not contained in DBC.
Message: ecu_GW_0x180, Signal: SAS_Calibrated is not contained in DBC.
Message: vehicle_None, Signal: None is not contained in DBC.
Message: ecu_GW_0x180, Signal: SAS_SASFailure is not contained in DBC.
Message: vehicle_None, Signal: None is not contained in DBC.
Message: ecu_GW_0x180, Signal: SAS_SteeringAngle is not contained in DBC.
Message: vehicle_CSA2_0xA1, Signal: SteerWheelAng is not contained in DBC.
Message: ecu_GW_0x180, Signal: SAS_SteeringAngleValid is not contained in DBC.
Message: vehicle_None, Signal: None is not contained in DBC.
Message: ecu_GW_0x20B, Signal: Wheel_Speed_FL_Data is not contained in DBC.
Message: vehicle_ESP_FD3_0x13B, Signal: FLWheelSpd is not contained in DBC.
Message: ecu_GW_0x20B, Signal: Wheel_Speed_FL_Direction is not contained in DBC.
Message: vehicle_ESP_FD3_0x13B, Signal: FLWheelDriveDirection is not contained in DBC.
Message: ecu_GW_0x20B, Signal: Wheel_Speed_FL_Valid_Data is not contained in DBC.
Message: vehicle_None, Signal: None is not contained in DBC.
Message: ecu_GW_0x20B, Signal: Wheel_Speed_FR_Data is not contained in DBC.
Message: vehicle_ESP_FD3_0x13B, Signal: FRWheelSpd is not contained in DBC.
Message: ecu_GW_0x20B, Signal: Wheel_Speed_FR_Direction is not contained in DBC.
Message: vehicle_ESP_FD3_0x13B, Signal: FRWheelDriveDirection is not contained in DBC.
Message: ecu_GW_0x20B, Signal: Wheel_Speed_FR_Valid_Data is not contained in DBC.
Message: vehicle_None, Signal: None is not contained in DBC.
Message: ecu_GW_0x20B, Signal: Wheel_Speed_RL_Data is not contained in DBC.
Message: vehicle_ESP_FD3_0x13B, Signal: RLWheelSpd is not contained in DBC.
Message: ecu_GW_0x20B, Signal: Wheel_Speed_RL_Direction is not contained in DBC.
Message: vehicle_ESP_FD3_0x13B, Signal: RLWheelDriveDirection is not contained in DBC.
Message: ecu_GW_0x20B, Signal: Wheel_Speed_RL_Valid_Data is not contained in DBC.
Message: vehicle_None, Signal: None is not contained in DBC.
Message: ecu_GW_0x20B, Signal: Wheel_Speed_RR_Data is not contained in DBC.
Message: vehicle_ESP_FD3_0x13B, Signal: RRWheelSpd is not contained in DBC.
Message: ecu_GW_0x20B, Signal: Wheel_Speed_RR_Direction is not contained in DBC.
Message: vehicle_ESP_FD3_0x13B, Signal: RRWheelDriveDirection is not contained in DBC.
Message: ecu_GW_0x20B, Signal: Wheel_Speed_RR_Valid_Data is not contained in DBC.
Message: vehicle_None, Signal: None is not contained in DBC.
